Creating New Aircraft Object: 0
New Aircraft Object Has Just Been Initalized: 0
Initial X-Coord: 1
Initial Y-Coord: 0
Moved Right..
Moved Right..
Moved Right..
Moved Left..
Moved Up..
Moved Up..
Moved Down..
Moved Up..
Creating New Aircraft Object: 1
New Aircraft Object Has Just Been Initalized: 1
Initial X-Coord: 3
Initial Y-Coord: 5
Moved Right..
Moved Right..
Moved Right..
Moved Left..
Moved Up..
Moved Up..
Moved Down..
Moved Up..
Creating New Aircraft Object: 2
New Aircraft Object Has Just Been Initalized: 2
Initial X-Coord: 2
Initial Y-Coord: 7
Moved Right..
Moved Right..
Moved Right..
Moved Left..
Moved Up..
Moved Up..
Moved Down..
Moved Up..
Creating New Aircraft Object: 3
New Aircraft Object Has Just Been Initalized: 3
Initial X-Coord: 1
Initial Y-Coord: 6
Moved Right..
Moved Right..
Moved Right..
Moved Left..
Moved Up..
Moved Up..
Moved Down..
Moved Up..
Creating New Aircraft Object: 4
New Aircraft Object Has Just Been Initalized: 4
Initial X-Coord: 5
Initial Y-Coord: 8
Moved Right..
Moved Right..
Moved Right..
Moved Left..
Moved Up..
Moved Up..
Moved Down..
Moved Up..

Aircraft [ 0 ]
Final X-Coord: 3
Final Y-Coord: 2

Aircraft [ 1 ]
Final X-Coord: 5
Final Y-Coord: 7

Aircraft [ 2 ]
Final X-Coord: 4
Final Y-Coord: 9

Aircraft [ 3 ]
Final X-Coord: 3
Final Y-Coord: 8

Aircraft [ 4 ]
Final X-Coord: 7
Final Y-Coord: 10
